[main] INFO  test.BaseTest  - Properties Initialized
[main] DEBUG io.restassured.internal.RequestSpecificationImpl$RestAssuredHttpBuilder  - Parsing response as: application/json; charset=UTF-8
[main] DEBUG io.restassured.internal.RequestSpecificationImpl$RestAssuredHttpBuilder  - Parsed data to instance of: class org.apache.http.conn.EofSensorInputStream
[main] INFO  test.BaseTest  - Properties Initialized
[main] DEBUG io.restassured.internal.RequestSpecificationImpl$RestAssuredHttpBuilder  - Parsing response as: application/json; charset=UTF-8
[main] DEBUG io.restassured.internal.RequestSpecificationImpl$RestAssuredHttpBuilder  - Parsed data to instance of: class org.apache.http.conn.EofSensorInputStream
[main] INFO  test.BaseTest  - OAuth Token Received = ya29.GlsiBTvyz-pLy-SrttVuh75cxGj4xmVoxyqmNWuAhzTIHLiAS_oVHyxapjLsUriNz3WQ2ArkYuVAd7aQMTNk0bFqaq5G6qcx6__9d7X5oUw1bjwgxncRwAo7o5lL
[main] DEBUG io.restassured.internal.RequestSpecificationImpl$RestAssuredHttpBuilder  - Parsing response as: application/json; charset=UTF-8
[main] DEBUG io.restassured.internal.RequestSpecificationImpl$RestAssuredHttpBuilder  - Parsed data to instance of: class org.apache.http.conn.EofSensorInputStream
[main] INFO  test.BaseTest  - Properties Initialized
[main] DEBUG io.restassured.internal.RequestSpecificationImpl$RestAssuredHttpBuilder  - Parsing response as: application/json; charset=UTF-8
[main] DEBUG io.restassured.internal.RequestSpecificationImpl$RestAssuredHttpBuilder  - Parsed data to instance of: class org.apache.http.conn.EofSensorInputStream
[main] INFO  test.BaseTest  - OAuth Token Received = ya29.GlsiBXUGaEmG7gs62Vpwhe96qQgXNrw8by7E9DS4V3Y__dyLNclnmsLZSUMuaeE8KUQTiu06xBmg3zWLAnnJrNas9RwHCAvZfNM6kxGoiMVHqBWUdzO_VGc23kJd
[main] DEBUG io.restassured.internal.RequestSpecificationImpl$RestAssuredHttpBuilder  - Parsing response as: application/json; charset=UTF-8
[main] DEBUG io.restassured.internal.RequestSpecificationImpl$RestAssuredHttpBuilder  - Parsed data to instance of: class org.apache.http.conn.EofSensorInputStream
[main] INFO  test.BaseTest  - Properties Initialized
[main] DEBUG io.restassured.internal.RequestSpecificationImpl$RestAssuredHttpBuilder  - Parsing response as: application/json; charset=UTF-8
[main] DEBUG io.restassured.internal.RequestSpecificationImpl$RestAssuredHttpBuilder  - Parsed data to instance of: class org.apache.http.conn.EofSensorInputStream
[main] INFO  test.BaseTest  - OAuth Token Received = ya29.GlsiBVwqoN2j4MgJ6d5RtNv6Qd6EBxRe-brU93uJD1bStNGeeIE1OR9_S2wcIXE_DpX3iCG7uD2qj2hNkdrD4tX_YFa8lTDl33Za--H-kPBRAN1BsdWSdReLNThD
[main] DEBUG io.restassured.internal.RequestSpecificationImpl$RestAssuredHttpBuilder  - Parsing response as: application/json; charset=UTF-8
[main] DEBUG io.restassured.internal.RequestSpecificationImpl$RestAssuredHttpBuilder  - Parsed data to instance of: class org.apache.http.conn.EofSensorInputStream
[main] INFO  test.BaseTest  - Properties Initialized
[main] DEBUG io.restassured.internal.RequestSpecificationImpl$RestAssuredHttpBuilder  - Parsing response as: application/json; charset=UTF-8
[main] DEBUG io.restassured.internal.RequestSpecificationImpl$RestAssuredHttpBuilder  - Parsed data to instance of: class org.apache.http.conn.EofSensorInputStream
[main] INFO  test.BaseTest  - OAuth Token Received = ya29.GlsiBcbMEeLy9E-1jAMUeJXkDfeQb1ohpQtsbMj7wWFsi_mF4t0xwLBsvblvlUY3pDj0dhtCiZ38-HRBt5WZ3KHC9xIVxJhP-mIUyzNn4bgs0vlqDNyYEiLmY40y
[main] DEBUG io.restassured.internal.RequestSpecificationImpl$RestAssuredHttpBuilder  - Parsing response as: application/json; charset=UTF-8
[main] DEBUG io.restassured.internal.RequestSpecificationImpl$RestAssuredHttpBuilder  - Parsed data to instance of: class org.apache.http.conn.EofSensorInputStream
[main] INFO  test.BaseTest  - Properties Initialized
[main] DEBUG io.restassured.internal.RequestSpecificationImpl$RestAssuredHttpBuilder  - Parsing response as: application/json; charset=UTF-8
[main] DEBUG io.restassured.internal.RequestSpecificationImpl$RestAssuredHttpBuilder  - Parsed data to instance of: class org.apache.http.conn.EofSensorInputStream
[main] INFO  test.BaseTest  - OAuth Token Received = ya29.GlsiBZ-WAYj8KjC2ODNXBO7t4DHmEFpJ06_Vf4saTIHLGPHOVPlW8ODjtfy6y0EhH2jQjQMrLpvCp5Rbb4N-s990uO0l9hOCtSZH2wapPDXLCux0rClXUAwvj2Qn
[main] DEBUG io.restassured.internal.RequestSpecificationImpl$RestAssuredHttpBuilder  - Parsing response as: application/json; charset=UTF-8
[main] DEBUG io.restassured.internal.RequestSpecificationImpl$RestAssuredHttpBuilder  - Parsed data to instance of: class org.apache.http.conn.EofSensorInputStream
[main] INFO  test.BaseTest  - Properties Initialized
[main] DEBUG io.restassured.internal.RequestSpecificationImpl$RestAssuredHttpBuilder  - Parsing response as: application/json; charset=UTF-8
[main] DEBUG io.restassured.internal.RequestSpecificationImpl$RestAssuredHttpBuilder  - Parsed data to instance of: class org.apache.http.conn.EofSensorInputStream
[main] INFO  test.BaseTest  - OAuth Token Received = ya29.GlsiBXeCEKrKQSjjm5S2puABnT-0jxZqSu_CwLESqmdOtbeM2s7juJOTd_diOPNnlxcWIBws4yV_01iQcEeiTnErDVEvvJxmdl9fZa5uZ8eQEU47zJQ9Dgx5DJxZ
[main] DEBUG io.restassured.internal.RequestSpecificationImpl$RestAssuredHttpBuilder  - Parsing response as: application/json; charset=UTF-8
[main] DEBUG io.restassured.internal.RequestSpecificationImpl$RestAssuredHttpBuilder  - Parsed data to instance of: class org.apache.http.conn.EofSensorInputStream
[main] INFO  test.BaseTest  - Properties Initialized
[main] DEBUG io.restassured.internal.RequestSpecificationImpl$RestAssuredHttpBuilder  - Parsing response as: application/json; charset=UTF-8
[main] DEBUG io.restassured.internal.RequestSpecificationImpl$RestAssuredHttpBuilder  - Parsed data to instance of: class org.apache.http.conn.EofSensorInputStream
[main] INFO  test.BaseTest  - OAuth Token Received = ya29.GlsiBe6JOzayT6fNX3AK-hoZmZOR4l0alvCcLF9Vr2AcENPpYXQxxcRw8ZqzfDVwaaOwEeCp7tNkXJipvY9DWcgUdWQZ45Y9jhCqD_lxqYZTLFhdMKn-V38e3ESy
[main] DEBUG io.restassured.internal.RequestSpecificationImpl$RestAssuredHttpBuilder  - Parsing response as: application/json; charset=UTF-8
[main] DEBUG io.restassured.internal.RequestSpecificationImpl$RestAssuredHttpBuilder  - Parsed data to instance of: class org.apache.http.conn.EofSensorInputStream
[main] INFO  test.BaseTest  - Properties Initialized
[main] DEBUG io.restassured.internal.RequestSpecificationImpl$RestAssuredHttpBuilder  - Parsing response as: application/json; charset=UTF-8
[main] DEBUG io.restassured.internal.RequestSpecificationImpl$RestAssuredHttpBuilder  - Parsed data to instance of: class org.apache.http.conn.EofSensorInputStream
[main] INFO  test.BaseTest  - OAuth Token Received = ya29.GlsiBQ-7tKrYZv-CgN6yblYbMjiQiBa_Tb_KH7IZtU24z_eu8QSMOjO6JtK0ww5HvZHKCgphKb1IWslu4HP_nXoB67nuA9ybbL-vf0ciFPuHimKsoyQubAfRkkDE
[main] DEBUG io.restassured.internal.RequestSpecificationImpl$RestAssuredHttpBuilder  - Parsing response as: application/json; charset=UTF-8
[main] DEBUG io.restassured.internal.RequestSpecificationImpl$RestAssuredHttpBuilder  - Parsed data to instance of: class org.apache.http.conn.EofSensorInputStream
[main] INFO  test.BaseTest  - Properties Initialized
[main] DEBUG io.restassured.internal.RequestSpecificationImpl$RestAssuredHttpBuilder  - Parsing response as: application/json; charset=UTF-8
[main] DEBUG io.restassured.internal.RequestSpecificationImpl$RestAssuredHttpBuilder  - Parsed data to instance of: class org.apache.http.conn.EofSensorInputStream
[main] INFO  test.BaseTest  - OAuth Token Received = ya29.GlsiBZCMR4TQ4heSaWulSk1wDZ_xwScSzRkOR1wOuWehh9nQpwCq4IvFv5syNGZCuaFvxbKDscMHU9TcH54zUI4Et4IQii3__kFz4_H2_jnuQ5I1KlUwRYWWDH5R
[main] DEBUG io.restassured.internal.RequestSpecificationImpl$RestAssuredHttpBuilder  - Parsing response as: application/json; charset=UTF-8
[main] DEBUG io.restassured.internal.RequestSpecificationImpl$RestAssuredHttpBuilder  - Parsed data to instance of: class org.apache.http.conn.EofSensorInputStream
[main] INFO  test.BaseTest  - Properties Initialized
[main] DEBUG io.restassured.internal.RequestSpecificationImpl$RestAssuredHttpBuilder  - Parsing response as: application/json; charset=UTF-8
[main] DEBUG io.restassured.internal.RequestSpecificationImpl$RestAssuredHttpBuilder  - Parsed data to instance of: class org.apache.http.conn.EofSensorInputStream
[main] INFO  test.BaseTest  - OAuth Token Received = ya29.GlsiBXVKs_awGPkc1eKHHgONkFlOauIe3C8daghIvSfRtpzs3F9QHyOWReVz5dZOOxiMeiZyk6Owq7QKqIfHu_w2jgybxrniQusMIOtCX4tOGQqrONpbL4M8t9Qz
[main] DEBUG io.restassured.internal.RequestSpecificationImpl$RestAssuredHttpBuilder  - Parsing response as: application/json; charset=UTF-8
[main] DEBUG io.restassured.internal.RequestSpecificationImpl$RestAssuredHttpBuilder  - Parsed data to instance of: class org.apache.http.conn.EofSensorInputStream
[main] INFO  test.BaseTest  - Properties Initialized
[main] DEBUG io.restassured.internal.RequestSpecificationImpl$RestAssuredHttpBuilder  - Parsing response as: application/json; charset=UTF-8
[main] DEBUG io.restassured.internal.RequestSpecificationImpl$RestAssuredHttpBuilder  - Parsed data to instance of: class org.apache.http.conn.EofSensorInputStream
[main] INFO  test.BaseTest  - OAuth Token Received = ya29.GlsiBVXA1RHqESn1peo7FHcDiZOKQmF9qNxqs_Phmaw-rbyp63CykZj6fj31hUleBMBYHWbFU2FarrnzqzE68eiEbF0NjIoEfE5f9dgoiwMoklkVd33slSMBRM16
[main] DEBUG io.restassured.internal.RequestSpecificationImpl$RestAssuredHttpBuilder  - Parsing response as: text/html; charset=UTF-8
[main] DEBUG io.restassured.internal.RequestSpecificationImpl$RestAssuredHttpBuilder  - Parsed data to instance of: class org.apache.http.conn.EofSensorInputStream
[main] INFO  test.BaseTest  - Properties Initialized
[main] DEBUG io.restassured.internal.RequestSpecificationImpl$RestAssuredHttpBuilder  - Parsing response as: application/json; charset=UTF-8
[main] DEBUG io.restassured.internal.RequestSpecificationImpl$RestAssuredHttpBuilder  - Parsed data to instance of: class org.apache.http.conn.EofSensorInputStream
[main] INFO  test.BaseTest  - OAuth Token Received = ya29.GlsiBQCX3w_j-7JsZZad9ncWPd2jlKv8XbW4sx8-18ZmF_nb6zINPeeXQx_xzYHJTi2vPUvPFZr8zzB-n5oqX6w3afPor3vSZYuHK4QPCp-ImNqoUj_tstjcfsqC
[main] DEBUG io.restassured.internal.RequestSpecificationImpl$RestAssuredHttpBuilder  - Parsing response as: application/json; charset=UTF-8
[main] DEBUG io.restassured.internal.RequestSpecificationImpl$RestAssuredHttpBuilder  - Parsed data to instance of: class org.apache.http.conn.EofSensorInputStream
[main] INFO  test.BaseTest  - Properties Initialized
[main] DEBUG io.restassured.internal.RequestSpecificationImpl$RestAssuredHttpBuilder  - Parsing response as: application/json; charset=UTF-8
[main] DEBUG io.restassured.internal.RequestSpecificationImpl$RestAssuredHttpBuilder  - Parsed data to instance of: class org.apache.http.conn.EofSensorInputStream
[main] INFO  test.BaseTest  - OAuth Token Received = ya29.GlsiBS11mu3NFhfnjNVfXeYo2z-rv6iW6gSk0h6NXPRSKovuDq85t4A8FTdB30RN9QOtWzi4OuG72QMXi99psljEgWE7pjUD8zKdm6jRN3-gR5kcDzC3D0gR3Pgh
[main] DEBUG io.restassured.internal.RequestSpecificationImpl$RestAssuredHttpBuilder  - Parsing response as: application/json; charset=UTF-8
[main] DEBUG io.restassured.internal.RequestSpecificationImpl$RestAssuredHttpBuilder  - Parsed data to instance of: class org.apache.http.conn.EofSensorInputStream
